<?xml version="1.0" encoding="UTF-8"?>
<!-- Generated by org.testng.reporters.JUnitReportReporter -->
<testsuite skipped="0" hostname="FIS-525" name="runners.TestRunner" tests="12" failures="0" timestamp="2022-04-25T16:59:32 EET" time="61.533" errors="0">
  <testcase name="runScenario" time="6.248" classname="runners.TestRunner"/>
  <system-out/>
  <testcase name="runScenario" time="4.555" classname="runners.TestRunner"/>
  <system-out/>
  <testcase name="runScenario" time="9.367" classname="runners.TestRunner"/>
  <system-out/>
  <testcase name="runScenario" time="7.591" classname="runners.TestRunner"/>
  <system-out/>
  <testcase name="runScenario" time="1.088" classname="runners.TestRunner"/>
  <system-out/>
  <testcase name="runScenario" time="4.168" classname="runners.TestRunner"/>
  <system-out/>
  <testcase name="runScenario" time="1.002" classname="runners.TestRunner"/>
  <system-out/>
  <testcase name="runScenario" time="5.271" classname="runners.TestRunner"/>
  <system-out/>
  <testcase name="runScenario" time="11.574" classname="runners.TestRunner"/>
  <system-out/>
  <testcase name="runScenario" time="5.863" classname="runners.TestRunner"/>
  <system-out/>
  <testcase name="runScenario" time="3.592" classname="runners.TestRunner"/>
  <system-out/>
  <testcase name="runScenario" time="1.214" classname="runners.TestRunner"/>
  <system-out/>
</testsuite> <!-- runners.TestRunner -->
